INFO:httpx:HTTP Request: HEAD https://huggingface.co/google/siglip-base-patch16-384/resolve/main/config.json "HTTP/1.1 307 Temporary Redirect"
INFO:httpx:HTTP Request: HEAD https://huggingface.co/api/resolve-cache/models/google/siglip-base-patch16-384/41aec1c83b32e0a6fca20ad88ba058aa5b5ea394/config.json "HTTP/1.1 200 OK"
INFO:httpx:HTTP Request: HEAD https://huggingface.co/google/siglip-base-patch16-384/resolve/main/processor_config.json "HTTP/1.1 404 Not Found"
WARNING:huggingface_hub.utils._http:Warning: You are sending unauthenticated requests to the HF Hub. Please set a HF_TOKEN to enable higher rate limits and faster downloads.
INFO:httpx:HTTP Request: HEAD https://huggingface.co/google/siglip-base-patch16-384/resolve/main/preprocessor_config.json "HTTP/1.1 307 Temporary Redirect"
INFO:httpx:HTTP Request: HEAD https://huggingface.co/api/resolve-cache/models/google/siglip-base-patch16-384/41aec1c83b32e0a6fca20ad88ba058aa5b5ea394/preprocessor_config.json "HTTP/1.1 200 OK"
INFO:httpx:HTTP Request: HEAD https://huggingface.co/google/siglip-base-patch16-384/resolve/main/processor_config.json "HTTP/1.1 404 Not Found"
INFO:httpx:HTTP Request: HEAD https://huggingface.co/google/siglip-base-patch16-384/resolve/main/preprocessor_config.json "HTTP/1.1 307 Temporary Redirect"
INFO:httpx:HTTP Request: HEAD https://huggingface.co/api/resolve-cache/models/google/siglip-base-patch16-384/41aec1c83b32e0a6fca20ad88ba058aa5b5ea394/preprocessor_config.json "HTTP/1.1 200 OK"
INFO:httpx:HTTP Request: GET https://huggingface.co/api/models/google/siglip-base-patch16-384/tree/main/additional_chat_templates?recursive=false&expand=false "HTTP/1.1 404 Not Found"
INFO:httpx:HTTP Request: HEAD https://huggingface.co/google/siglip-base-patch16-384/resolve/main/processor_config.json "HTTP/1.1 404 Not Found"
INFO:httpx:HTTP Request: HEAD https://huggingface.co/google/siglip-base-patch16-384/resolve/main/chat_template.json "HTTP/1.1 404 Not Found"
INFO:httpx:HTTP Request: HEAD https://huggingface.co/google/siglip-base-patch16-384/resolve/main/chat_template.jinja "HTTP/1.1 404 Not Found"
INFO:httpx:HTTP Request: HEAD https://huggingface.co/google/siglip-base-patch16-384/resolve/main/audio_tokenizer_config.json "HTTP/1.1 404 Not Found"
INFO:httpx:HTTP Request: HEAD https://huggingface.co/google/siglip-base-patch16-384/resolve/main/processor_config.json "HTTP/1.1 404 Not Found"
INFO:httpx:HTTP Request: HEAD https://huggingface.co/google/siglip-base-patch16-384/resolve/main/preprocessor_config.json "HTTP/1.1 307 Temporary Redirect"
INFO:httpx:HTTP Request: HEAD https://huggingface.co/api/resolve-cache/models/google/siglip-base-patch16-384/41aec1c83b32e0a6fca20ad88ba058aa5b5ea394/preprocessor_config.json "HTTP/1.1 200 OK"
INFO:httpx:HTTP Request: HEAD https://huggingface.co/google/siglip-base-patch16-384/resolve/main/processor_config.json "HTTP/1.1 404 Not Found"
INFO:httpx:HTTP Request: HEAD https://huggingface.co/google/siglip-base-patch16-384/resolve/main/preprocessor_config.json "HTTP/1.1 307 Temporary Redirect"
INFO:httpx:HTTP Request: HEAD https://huggingface.co/api/resolve-cache/models/google/siglip-base-patch16-384/41aec1c83b32e0a6fca20ad88ba058aa5b5ea394/preprocessor_config.json "HTTP/1.1 200 OK"
INFO:httpx:HTTP Request: HEAD https://huggingface.co/google/siglip-base-patch16-384/resolve/main/config.json "HTTP/1.1 307 Temporary Redirect"
INFO:httpx:HTTP Request: HEAD https://huggingface.co/api/resolve-cache/models/google/siglip-base-patch16-384/41aec1c83b32e0a6fca20ad88ba058aa5b5ea394/config.json "HTTP/1.1 200 OK"
INFO:httpx:HTTP Request: HEAD https://huggingface.co/google/siglip-base-patch16-384/resolve/main/tokenizer_config.json "HTTP/1.1 307 Temporary Redirect"
INFO:httpx:HTTP Request: HEAD https://huggingface.co/api/resolve-cache/models/google/siglip-base-patch16-384/41aec1c83b32e0a6fca20ad88ba058aa5b5ea394/tokenizer_config.json "HTTP/1.1 200 OK"
INFO:httpx:HTTP Request: GET https://huggingface.co/api/models/google/siglip-base-patch16-384/tree/main/additional_chat_templates?recursive=false&expand=false "HTTP/1.1 404 Not Found"
INFO:httpx:HTTP Request: GET https://huggingface.co/api/models/google/siglip-base-patch16-384/tree/main?recursive=true&expand=false "HTTP/1.1 200 OK"
INFO:httpx:HTTP Request: POST https://yqawmzggcgpeyaaynrjk.supabase.co/rest/v1/products?on_conflict=id&columns=%22category%22%2C%22description%22%2C%22title%22%2C%22size%22%2C%22product_url%22%2C%22gender%22%2C%22country%22%2C%22image_embedding%22%2C%22image_url%22%2C%22metadata%22%2C%22source%22%2C%22brand%22%2C%22second_hand%22%2C%22info_embedding%22%2C%22price%22%2C%22id%22 "HTTP/2 201 Created"
